<?xml version="1.0" encoding="UTF-8"?>
<!-- Generated by org.testng.reporters.JUnitReportReporter -->
<testsuite hostname="DESKTOP-2L70A79" failures="0" tests="4" name="testRunners.TestRunner" time="205.934" errors="0" timestamp="2024-03-30T13:05:52 IST" skipped="0">
  <testcase classname="testRunners.TestRunner" name="runScenario" time="53.250"/>
  <system-out/>
  <testcase classname="testRunners.TestRunner" name="runScenario" time="50.823"/>
  <system-out/>
  <testcase classname="testRunners.TestRunner" name="runScenario" time="51.029"/>
  <system-out/>
  <testcase classname="testRunners.TestRunner" name="runScenario" time="50.832"/>
  <system-out/>
</testsuite> <!-- testRunners.TestRunner -->
