<?xml version="1.0" encoding="UTF-8"?>
<!-- Generated by org.testng.reporters.JUnitReportReporter -->
<testsuite hostname="LAPTOP-H7R7DK85" failures="0" tests="1" name="testRunners.FlipkartTestRunner" time="18.431" errors="0" timestamp="2024-12-27T16:03:55 IST" skipped="0">
  <testcase classname="testRunners.FlipkartTestRunner" name="runScenario" time="18.431"/>
  <system-out/>
</testsuite> <!-- testRunners.FlipkartTestRunner -->
