<?xml version="1.0" encoding="UTF-8"?>
<!-- Generated by org.testng.reporters.JUnitReportReporter -->
<testsuite hostname="DESKTOP-2L70A79" failures="0" tests="4" name="testRunners.TestRunner" time="75.822" errors="0" timestamp="2024-03-29T13:56:12 IST" skipped="0">
  <testcase classname="testRunners.TestRunner" name="runScenario" time="19.180"/>
  <system-out/>
  <testcase classname="testRunners.TestRunner" name="runScenario" time="18.563"/>
  <system-out/>
  <testcase classname="testRunners.TestRunner" name="runScenario" time="21.146"/>
  <system-out/>
  <testcase classname="testRunners.TestRunner" name="runScenario" time="16.933"/>
  <system-out/>
</testsuite> <!-- testRunners.TestRunner -->
